[Disk 1]
\masters\common\SETUP.EXE
\masters\haccp\SETUP1.EX_
\masters\common\VSHARE.38_
\masters\common\STKIT416.DL_
\masters\common\VB40016.DL_
\masters\common\OC25.DL_
\masters\common\OC25FRA.DL_
\masters\common\OLE2.DL_
\masters\common\TYPELIB.DL_
\masters\common\OLE2DISP.DL_
\masters\common\OLE2PROX.DL_
\masters\common\OLE2CONV.DL_

[Disk 2]
\masters\common\STORAGE.DL_
\masters\common\COMPOBJ.DL_
\masters\common\OLE2.RE_
\masters\common\OLE2NLS.DL_
\masters\common\STDOLE.TL_
\masters\common\SCP.DL_
\masters\common\VAEN21.OL_
\masters\common\CTL3DV2.DL_
\masters\common\VB4FR16.DL_
\masters\common\SS16x25.OC_
\masters\common\THREED16.OC_
\masters\common\COMDLG16.OC_
\masters\common\TABCTL16.OC_
\masters\common\DWSTG16.OC_
\masters\common\VSVIEW16.OC_
\masters\haccp\HACCP.EX_
\masters\haccp\HACCP.HL_
\masters\haccp\HACCPPGM.HL_
\masters\haccp\LOGO.BM_
\masters\haccp\TEXTES.IN_

