Sommaire
Menus
MenuFichier
Onglets
DefRepertoire
FenImpression
FenChoixRep
DefFenOnglet
MenuAffichage
DefModuleActif
MenuFenetre
MenuAide
Fenetres
FenAPropos
MenuEdition
MenuDocumentation
OngletParametres
FenAccueil
ModeEvaluation
OngletEquipe
OngletDocumentation
OngletEtapesSujets
OngletDispositionsEnPlace
OngletDangers
OngletArbreHACCP
DefDocument
FenAjoutDonnee
FenAjoutDanger
QuestPertinence
FenAjoutSujetDanger
QuestCriticite
VerificationCoherence
FenOptionsProjet
Questionnaires
CopierCollerDonnee
DefProjetActif
FenConfiguration
DocumentsAssocies
FenAjoutDocument
MenusCourt
